[0m19:39:56.841336 [debug] [MainThread]: Sending event: {'category': 'dbt', 'action': 'invocation', 'label': 'start', 'context': [<snowplow_tracker.self_describing_json.SelfDescribingJson object at 0xffffb8851630>, <snowplow_tracker.self_describing_json.SelfDescribingJson object at 0xffffb6d05f00>, <snowplow_tracker.self_describing_json.SelfDescribingJson object at 0xffffb6d05ea0>]}


============================== 19:39:56.845695 | 9f9bc926-b497-4108-8942-b8bb1da98c31 ==============================
[0m19:39:56.845695 [info ] [MainThread]: Running with dbt=1.8.9
[0m19:39:56.846188 [debug] [MainThread]: running dbt with arguments {'printer_width': '80', 'indirect_selection': 'eager', 'log_cache_events': 'False', 'write_json': 'True', 'partial_parse': 'True', 'cache_selected_only': 'False', 'profiles_dir': '/home/dbtuser/.dbt', 'debug': 'False', 'version_check': 'True', 'log_path': 'logs', 'fail_fast': 'False', 'warn_error': 'None', 'use_colors': 'True', 'use_experimental_parser': 'False', 'empty': 'None', 'quiet': 'False', 'no_print': 'None', 'warn_error_options': 'WarnErrorOptions(include=[], exclude=[])', 'static_parser': 'True', 'invocation_command': 'dbt init', 'introspect': 'True', 'target_path': 'None', 'log_format': 'default', 'send_anonymous_usage_stats': 'True'}
[0m19:39:56.861582 [warn ] [MainThread]: [ConfigFolderDirectory]: Unable to parse logging event dictionary. Failed to parse dir field: expected string or bytes-like object.. Dictionary: {'dir': PosixPath('/home/dbtuser/.dbt')}
[0m19:39:56.862086 [info ] [MainThread]: Creating dbt configuration folder at 
[0m19:39:56.862668 [error] [MainThread]: Encountered an error:
[Errno 13] Permission denied: '/home/dbtuser/.dbt'
[0m19:39:56.865531 [error] [MainThread]: Traceback (most recent call last):
  File "/usr/local/lib/python3.10/site-packages/dbt/cli/requires.py", line 138, in wrapper
    result, success = func(*args, **kwargs)
  File "/usr/local/lib/python3.10/site-packages/dbt/cli/requires.py", line 101, in wrapper
    return func(*args, **kwargs)
  File "/usr/local/lib/python3.10/site-packages/dbt/cli/main.py", line 470, in init
    results = task.run()
  File "/usr/local/lib/python3.10/site-packages/dbt/task/init.py", line 301, in run
    self.create_profiles_dir(profiles_dir)
  File "/usr/local/lib/python3.10/site-packages/dbt/task/init.py", line 70, in create_profiles_dir
    dbt_common.clients.system.make_directory(profiles_dir)
  File "/usr/local/lib/python3.10/functools.py", line 889, in wrapper
    return dispatch(args[0].__class__)(*args, **kw)
  File "/usr/local/lib/python3.10/site-packages/dbt_common/clients/system.py", line 214, in _
    path.mkdir(parents=True, exist_ok=True)
  File "/usr/local/lib/python3.10/pathlib.py", line 1175, in mkdir
    self._accessor.mkdir(self, mode)
PermissionError: [Errno 13] Permission denied: '/home/dbtuser/.dbt'

[0m19:39:56.867161 [debug] [MainThread]: Resource report: {"command_name": "init", "command_success": false, "command_wall_clock_time": 0.059523124, "process_in_blocks": "0", "process_kernel_time": 1.024083, "process_mem_max_rss": "85552", "process_out_blocks": "5", "process_user_time": 0.733776}
[0m19:39:56.867622 [debug] [MainThread]: Command `dbt init` failed at 19:39:56.867541 after 0.06 seconds
[0m19:39:56.868064 [debug] [MainThread]: Sending event: {'category': 'dbt', 'action': 'invocation', 'label': 'end', 'context': [<snowplow_tracker.self_describing_json.SelfDescribingJson object at 0xffffb8851630>, <snowplow_tracker.self_describing_json.SelfDescribingJson object at 0xffffb6d607f0>, <snowplow_tracker.self_describing_json.SelfDescribingJson object at 0xffffb6d61000>]}
[0m19:39:56.868404 [debug] [MainThread]: Flushing usage events
[0m19:46:50.629582 [debug] [MainThread]: Sending event: {'category': 'dbt', 'action': 'invocation', 'label': 'start', 'context': [<snowplow_tracker.self_describing_json.SelfDescribingJson object at 0xffff801515d0>, <snowplow_tracker.self_describing_json.SelfDescribingJson object at 0xffff7e60ded0>, <snowplow_tracker.self_describing_json.SelfDescribingJson object at 0xffff7e60de70>]}


============================== 19:46:50.634257 | 76ae5183-d53a-4d31-9aad-1ace42e22287 ==============================
[0m19:46:50.634257 [info ] [MainThread]: Running with dbt=1.8.9
[0m19:46:50.634695 [debug] [MainThread]: running dbt with arguments {'printer_width': '80', 'indirect_selection': 'eager', 'write_json': 'True', 'log_cache_events': 'False', 'partial_parse': 'True', 'cache_selected_only': 'False', 'warn_error': 'None', 'debug': 'False', 'fail_fast': 'False', 'log_path': 'logs', 'version_check': 'True', 'profiles_dir': '/home/dbtuser/.dbt', 'use_colors': 'True', 'use_experimental_parser': 'False', 'no_print': 'None', 'quiet': 'False', 'empty': 'None', 'warn_error_options': 'WarnErrorOptions(include=[], exclude=[])', 'static_parser': 'True', 'introspect': 'True', 'log_format': 'default', 'target_path': 'None', 'invocation_command': 'dbt init', 'send_anonymous_usage_stats': 'True'}
[0m19:46:50.640996 [warn ] [MainThread]: [ConfigFolderDirectory]: Unable to parse logging event dictionary. Failed to parse dir field: expected string or bytes-like object.. Dictionary: {'dir': PosixPath('/home/dbtuser/.dbt')}
[0m19:46:50.641282 [info ] [MainThread]: Creating dbt configuration folder at 
[0m19:46:50.641668 [error] [MainThread]: Encountered an error:
[Errno 13] Permission denied: '/home/dbtuser/.dbt'
[0m19:46:50.644074 [error] [MainThread]: Traceback (most recent call last):
  File "/usr/local/lib/python3.10/site-packages/dbt/cli/requires.py", line 138, in wrapper
    result, success = func(*args, **kwargs)
  File "/usr/local/lib/python3.10/site-packages/dbt/cli/requires.py", line 101, in wrapper
    return func(*args, **kwargs)
  File "/usr/local/lib/python3.10/site-packages/dbt/cli/main.py", line 470, in init
    results = task.run()
  File "/usr/local/lib/python3.10/site-packages/dbt/task/init.py", line 301, in run
    self.create_profiles_dir(profiles_dir)
  File "/usr/local/lib/python3.10/site-packages/dbt/task/init.py", line 70, in create_profiles_dir
    dbt_common.clients.system.make_directory(profiles_dir)
  File "/usr/local/lib/python3.10/functools.py", line 889, in wrapper
    return dispatch(args[0].__class__)(*args, **kw)
  File "/usr/local/lib/python3.10/site-packages/dbt_common/clients/system.py", line 214, in _
    path.mkdir(parents=True, exist_ok=True)
  File "/usr/local/lib/python3.10/pathlib.py", line 1175, in mkdir
    self._accessor.mkdir(self, mode)
PermissionError: [Errno 13] Permission denied: '/home/dbtuser/.dbt'

[0m19:46:50.644757 [debug] [MainThread]: Resource report: {"command_name": "init", "command_success": false, "command_wall_clock_time": 0.044439126, "process_in_blocks": "29576", "process_kernel_time": 0.17887, "process_mem_max_rss": "85520", "process_out_blocks": "5", "process_user_time": 0.7104}
[0m19:46:50.645057 [debug] [MainThread]: Command `dbt init` failed at 19:46:50.645004 after 0.04 seconds
[0m19:46:50.645271 [debug] [MainThread]: Sending event: {'category': 'dbt', 'action': 'invocation', 'label': 'end', 'context': [<snowplow_tracker.self_describing_json.SelfDescribingJson object at 0xffff801515d0>, <snowplow_tracker.self_describing_json.SelfDescribingJson object at 0xffff7e6607c0>, <snowplow_tracker.self_describing_json.SelfDescribingJson object at 0xffff7e660fd0>]}
[0m19:46:50.645474 [debug] [MainThread]: Flushing usage events
[0m19:49:15.618940 [debug] [MainThread]: Sending event: {'category': 'dbt', 'action': 'invocation', 'label': 'start', 'context': [<snowplow_tracker.self_describing_json.SelfDescribingJson object at 0xffff83271690>, <snowplow_tracker.self_describing_json.SelfDescribingJson object at 0xffff81705f60>, <snowplow_tracker.self_describing_json.SelfDescribingJson object at 0xffff81705f00>]}


============================== 19:49:15.624000 | dcad7bfa-c271-425d-82cd-f34061c6a31b ==============================
[0m19:49:15.624000 [info ] [MainThread]: Running with dbt=1.8.9
[0m19:49:15.624766 [debug] [MainThread]: running dbt with arguments {'printer_width': '80', 'indirect_selection': 'eager', 'log_cache_events': 'False', 'write_json': 'True', 'partial_parse': 'True', 'cache_selected_only': 'False', 'warn_error': 'None', 'version_check': 'True', 'fail_fast': 'False', 'log_path': 'logs', 'debug': 'False', 'profiles_dir': '/home/dbtuser/.dbt', 'use_colors': 'True', 'use_experimental_parser': 'False', 'empty': 'None', 'quiet': 'False', 'no_print': 'None', 'log_format': 'default', 'introspect': 'True', 'invocation_command': 'dbt init', 'warn_error_options': 'WarnErrorOptions(include=[], exclude=[])', 'target_path': 'None', 'static_parser': 'True', 'send_anonymous_usage_stats': 'True'}
[0m19:49:31.012967 [debug] [MainThread]: Starter project path: /usr/local/lib/python3.10/site-packages/dbt/include/starter_project
[0m19:49:31.083263 [info ] [MainThread]: 
Your new dbt project "hiv_project" was created!

For more information on how to configure the profiles.yml file,
please consult the dbt documentation here:

  https://docs.getdbt.com/docs/configure-your-profile

One more thing:

Need help? Don't hesitate to reach out to us via GitHub issues or on Slack:

  https://community.getdbt.com/

Happy modeling!

[0m19:49:31.084761 [info ] [MainThread]: Setting up your profile.
[0m19:50:41.141253 [info ] [MainThread]: Profile hiv_project written to /home/dbtuser/.dbt/profiles.yml using target's profile_template.yml and your supplied values. Run 'dbt debug' to validate the connection.
[0m19:50:41.150469 [debug] [MainThread]: Resource report: {"command_name": "init", "command_success": true, "command_wall_clock_time": 85.56157, "process_in_blocks": "0", "process_kernel_time": 0.450944, "process_mem_max_rss": "101748", "process_out_blocks": "20", "process_user_time": 0.972192}
[0m19:50:41.152046 [debug] [MainThread]: Command `dbt init` succeeded at 19:50:41.151726 after 85.56 seconds
[0m19:50:41.154203 [debug] [MainThread]: Sending event: {'category': 'dbt', 'action': 'invocation', 'label': 'end', 'context': [<snowplow_tracker.self_describing_json.SelfDescribingJson object at 0xffff83271690>, <snowplow_tracker.self_describing_json.SelfDescribingJson object at 0xffff816ee7a0>, <snowplow_tracker.self_describing_json.SelfDescribingJson object at 0xffff81b53c70>]}
[0m19:50:41.155703 [debug] [MainThread]: Flushing usage events
[0m19:51:19.180731 [debug] [MainThread]: Sending event: {'category': 'dbt', 'action': 'invocation', 'label': 'start', 'context': [<snowplow_tracker.self_describing_json.SelfDescribingJson object at 0xffff8cbc1720>, <snowplow_tracker.self_describing_json.SelfDescribingJson object at 0xffff8b055ff0>, <snowplow_tracker.self_describing_json.SelfDescribingJson object at 0xffff8b055f60>]}


============================== 19:51:19.185028 | 95f6eb4c-bafa-4eff-85e9-2ba6df7d9eda ==============================
[0m19:51:19.185028 [info ] [MainThread]: Running with dbt=1.8.9
[0m19:51:19.185785 [debug] [MainThread]: running dbt with arguments {'printer_width': '80', 'indirect_selection': 'eager', 'log_cache_events': 'False', 'write_json': 'True', 'partial_parse': 'True', 'cache_selected_only': 'False', 'profiles_dir': '/home/dbtuser/.dbt', 'version_check': 'True', 'warn_error': 'None', 'log_path': 'logs', 'debug': 'False', 'fail_fast': 'False', 'use_colors': 'True', 'use_experimental_parser': 'False', 'empty': 'None', 'quiet': 'False', 'no_print': 'None', 'log_format': 'default', 'static_parser': 'True', 'introspect': 'True', 'invocation_command': 'dbt debug', 'target_path': 'None', 'warn_error_options': 'WarnErrorOptions(include=[], exclude=[])', 'send_anonymous_usage_stats': 'True'}
[0m19:51:19.190716 [info ] [MainThread]: dbt version: 1.8.9
[0m19:51:19.191092 [info ] [MainThread]: python version: 3.10.16
[0m19:51:19.191423 [info ] [MainThread]: python path: /usr/local/bin/python3.10
[0m19:51:19.191713 [info ] [MainThread]: os info: Linux-6.12.5-linuxkit-aarch64-with-glibc2.36
[0m19:51:19.295272 [info ] [MainThread]: Using profiles dir at /home/dbtuser/.dbt
[0m19:51:19.295903 [info ] [MainThread]: Using profiles.yml file at /home/dbtuser/.dbt/profiles.yml
[0m19:51:19.296292 [info ] [MainThread]: Using dbt_project.yml file at /app/hiv_project_etl/dbt/dbt_project.yml
[0m19:51:19.296705 [info ] [MainThread]: Configuration:
[0m19:51:19.297002 [info ] [MainThread]:   profiles.yml file [[31mERROR invalid[0m]
[0m19:51:19.297461 [info ] [MainThread]:   dbt_project.yml file [[31mERROR not found[0m]
[0m19:51:19.297891 [info ] [MainThread]: Required dependencies:
[0m19:51:19.298279 [debug] [MainThread]: Executing "git --help"
[0m19:51:19.319802 [debug] [MainThread]: STDOUT: "b"usage: git [-v | --version] [-h | --help] [-C <path>] [-c <name>=<value>]\n           [--exec-path[=<path>]] [--html-path] [--man-path] [--info-path]\n           [-p | --paginate | -P | --no-pager] [--no-replace-objects] [--bare]\n           [--git-dir=<path>] [--work-tree=<path>] [--namespace=<name>]\n           [--super-prefix=<path>] [--config-env=<name>=<envvar>]\n           <command> [<args>]\n\nThese are common Git commands used in various situations:\n\nstart a working area (see also: git help tutorial)\n   clone     Clone a repository into a new directory\n   init      Create an empty Git repository or reinitialize an existing one\n\nwork on the current change (see also: git help everyday)\n   add       Add file contents to the index\n   mv        Move or rename a file, a directory, or a symlink\n   restore   Restore working tree files\n   rm        Remove files from the working tree and from the index\n\nexamine the history and state (see also: git help revisions)\n   bisect    Use binary search to find the commit that introduced a bug\n   diff      Show changes between commits, commit and working tree, etc\n   grep      Print lines matching a pattern\n   log       Show commit logs\n   show      Show various types of objects\n   status    Show the working tree status\n\ngrow, mark and tweak your common history\n   branch    List, create, or delete branches\n   commit    Record changes to the repository\n   merge     Join two or more development histories together\n   rebase    Reapply commits on top of another base tip\n   reset     Reset current HEAD to the specified state\n   switch    Switch branches\n   tag       Create, list, delete or verify a tag object signed with GPG\n\ncollaborate (see also: git help workflows)\n   fetch     Download objects and refs from another repository\n   pull      Fetch from and integrate with another repository or a local branch\n   push      Update remote refs along with associated objects\n\n'git help -a' and 'git help -g' list available subcommands and some\nconcept guides. See 'git help <command>' or 'git help <concept>'\nto read about a specific subcommand or concept.\nSee 'git help git' for an overview of the system.\n""
[0m19:51:19.320275 [debug] [MainThread]: STDERR: "b''"
[0m19:51:19.320517 [info ] [MainThread]:  - git [[32mOK found[0m]

[0m19:51:19.320849 [info ] [MainThread]: Connection test skipped since no profile was found
[0m19:51:19.321248 [info ] [MainThread]: [31m2 checks failed:[0m
[0m19:51:19.321577 [info ] [MainThread]: Could not load dbt_project.yml
Profile loading failed for the following reason:
Runtime Error
  Credentials in profile "hiv_project", target "dev" invalid: 'schema' is a required property


[0m19:51:19.321863 [info ] [MainThread]: Project loading failed for the following reason:
 project path </app/hiv_project_etl/dbt/dbt_project.yml> not found

[0m19:51:19.322526 [debug] [MainThread]: Resource report: {"command_name": "debug", "command_success": false, "command_wall_clock_time": 0.1712395, "process_in_blocks": "0", "process_kernel_time": 0.252947, "process_mem_max_rss": "102044", "process_out_blocks": "18", "process_user_time": 0.776044}
[0m19:51:19.322822 [debug] [MainThread]: Command `dbt debug` failed at 19:51:19.322772 after 0.17 seconds
[0m19:51:19.323058 [debug] [MainThread]: Sending event: {'category': 'dbt', 'action': 'invocation', 'label': 'end', 'context': [<snowplow_tracker.self_describing_json.SelfDescribingJson object at 0xffff8cbc1720>, <snowplow_tracker.self_describing_json.SelfDescribingJson object at 0xffff8b80b070>, <snowplow_tracker.self_describing_json.SelfDescribingJson object at 0xffff8b0d4760>]}
[0m19:51:19.323321 [debug] [MainThread]: Flushing usage events
[0m20:22:48.840492 [debug] [MainThread]: Sending event: {'category': 'dbt', 'action': 'invocation', 'label': 'start', 'context': [<snowplow_tracker.self_describing_json.SelfDescribingJson object at 0xffffad5c1720>, <snowplow_tracker.self_describing_json.SelfDescribingJson object at 0xffffaba5a1a0>, <snowplow_tracker.self_describing_json.SelfDescribingJson object at 0xffffaba5a140>]}


============================== 20:22:48.847704 | 1bb4aa3b-4a5d-49be-a13f-c01868b34a7f ==============================
[0m20:22:48.847704 [info ] [MainThread]: Running with dbt=1.8.9
[0m20:22:48.848259 [debug] [MainThread]: running dbt with arguments {'printer_width': '80', 'indirect_selection': 'eager', 'log_cache_events': 'False', 'write_json': 'True', 'partial_parse': 'True', 'cache_selected_only': 'False', 'warn_error': 'None', 'version_check': 'True', 'debug': 'False', 'log_path': 'logs', 'fail_fast': 'False', 'profiles_dir': '/home/dbtuser/.dbt', 'use_colors': 'True', 'use_experimental_parser': 'False', 'no_print': 'None', 'quiet': 'False', 'empty': 'False', 'log_format': 'default', 'introspect': 'True', 'static_parser': 'True', 'invocation_command': 'dbt run --select mart.HIVProject1_1', 'target_path': 'None', 'warn_error_options': 'WarnErrorOptions(include=[], exclude=[])', 'send_anonymous_usage_stats': 'True'}
[0m20:22:48.848913 [error] [MainThread]: Encountered an error:
Runtime Error
  No dbt_project.yml found at expected path /app/hiv_project_etl/dbt/dbt_project.yml
  Verify that each entry within packages.yml (and their transitive dependencies) contains a file named dbt_project.yml
  
[0m20:22:48.849782 [debug] [MainThread]: Resource report: {"command_name": "run", "command_success": false, "command_wall_clock_time": 0.046121042, "process_in_blocks": "0", "process_kernel_time": 0.317564, "process_mem_max_rss": "85092", "process_out_blocks": "3", "process_user_time": 0.764394}
[0m20:22:48.850112 [debug] [MainThread]: Command `dbt run` failed at 20:22:48.850049 after 0.05 seconds
[0m20:22:48.850351 [debug] [MainThread]: Sending event: {'category': 'dbt', 'action': 'invocation', 'label': 'end', 'context': [<snowplow_tracker.self_describing_json.SelfDescribingJson object at 0xffffad5c1720>, <snowplow_tracker.self_describing_json.SelfDescribingJson object at 0xffffabad4820>, <snowplow_tracker.self_describing_json.SelfDescribingJson object at 0xffffabad49d0>]}
[0m20:22:48.850609 [debug] [MainThread]: Flushing usage events
[0m16:03:09.847079 [debug] [MainThread]: Sending event: {'category': 'dbt', 'action': 'invocation', 'label': 'start', 'context': [<snowplow_tracker.self_describing_json.SelfDescribingJson object at 0xffffa2c11750>, <snowplow_tracker.self_describing_json.SelfDescribingJson object at 0xffffa10aa110>, <snowplow_tracker.self_describing_json.SelfDescribingJson object at 0xffffa10aa0b0>]}


============================== 16:03:09.856311 | acd1415b-5e22-4836-83dc-b262c696502f ==============================
[0m16:03:09.856311 [info ] [MainThread]: Running with dbt=1.8.9
[0m16:03:09.856930 [debug] [MainThread]: running dbt with arguments {'printer_width': '80', 'indirect_selection': 'eager', 'write_json': 'True', 'log_cache_events': 'False', 'partial_parse': 'True', 'cache_selected_only': 'False', 'warn_error': 'None', 'debug': 'False', 'version_check': 'True', 'log_path': 'logs', 'fail_fast': 'False', 'profiles_dir': '/home/dbtuser/.dbt', 'use_colors': 'True', 'use_experimental_parser': 'False', 'empty': 'None', 'quiet': 'False', 'no_print': 'None', 'log_format': 'default', 'invocation_command': 'dbt test -s source:HIVProject3_1_stg.ChampsId', 'introspect': 'True', 'warn_error_options': 'WarnErrorOptions(include=[], exclude=[])', 'target_path': 'None', 'static_parser': 'True', 'send_anonymous_usage_stats': 'True'}
[0m16:03:09.857347 [error] [MainThread]: Encountered an error:
Runtime Error
  No dbt_project.yml found at expected path /app/hiv_project_etl/dbt/dbt_project.yml
  Verify that each entry within packages.yml (and their transitive dependencies) contains a file named dbt_project.yml
  
[0m16:03:09.859056 [debug] [MainThread]: Resource report: {"command_name": "test", "command_success": false, "command_wall_clock_time": 0.04727879, "process_in_blocks": "0", "process_kernel_time": 1.317344, "process_mem_max_rss": "85004", "process_out_blocks": "3", "process_user_time": 0.758256}
[0m16:03:09.859326 [debug] [MainThread]: Command `dbt test` failed at 16:03:09.859279 after 0.05 seconds
[0m16:03:09.859531 [debug] [MainThread]: Sending event: {'category': 'dbt', 'action': 'invocation', 'label': 'end', 'context': [<snowplow_tracker.self_describing_json.SelfDescribingJson object at 0xffffa2c11750>, <snowplow_tracker.self_describing_json.SelfDescribingJson object at 0xffffa1120850>, <snowplow_tracker.self_describing_json.SelfDescribingJson object at 0xffffa1120a00>]}
[0m16:03:09.859772 [debug] [MainThread]: Flushing usage events
